<?xml version="1.0" encoding="UTF-8"?>
<?xml-stylesheet type="text/xsl" href="../html-view.xsl"?>
<af:abstract-form xmlns:af="http://www.bodz.net/xml/zlw/abstract-form" xmlns:xsi="http://www.w3.org/2001/XMLSchema-instance" xsi:schemaLocation="http://www.bodz.net/xml/zlw/abstract-form
../abstract-form.xsd">
	<af:section name=".page">
		<af:scalar name="title">Abstract Form Sample</af:scalar>
		<af:map name="meta">
			<af:entry key="Key1">Value1</af:entry>
			<af:entry key="Key2">Value2</af:entry>
			<af:entry key="(Content-Type)">test</af:entry>
		</af:map>
		<af:scalar name="data-type">visible</af:scalar>
		<af:scalar name="af-base">..</af:scalar>
		<af:user name="copyright2">
			<strong>My<u>Very</u>Copyright!</strong>
		</af:user>
		<af:scalar name="check-constratins"/>
	</af:section>
	<af:section name="Start">
		<af:scalar name="Name" type="string" hold="true">Lenik</af:scalar>
		<af:scalar name="Age" type="number">11</af:scalar>
		<af:scalar name="Session" type="number" hold="true">7878</af:scalar>
		<af:map name="Links" type="link">
			<af:entry key="Google">http://www.google.com</af:entry>
			<af:entry key="Test2">test2.xml</af:entry>
		</af:map>
		<af:list name="ShopCart" sort="true" sort-order="descending" type="integer" hold="true">
			<af:method name="Add"/>
			<af:method name="Remove"/>
			<af:item>cat</af:item>
			<af:item>dog</af:item>
			<af:item/>
			<af:item>pear</af:item>
			<af:item>coca cola</af:item>
		</af:list>
		<af:list name="HiddenPeople" hidden="true">
			<af:item>Lenik</af:item>
			<af:item>Lewei</af:item>
		</af:list>
		<af:form>
			<af:input name="name" type="string" init="Lenik"/>
			<af:input name="age" type="number" init="34"/>
			<af:input name="comment" type="string" init="No comments" multiline="true"/>
			<af:input type="string" init="Input without name..."/>
			<af:selector name="sel" multiple="false">
				<af:list-ref>ShopCart</af:list-ref>
			</af:selector>
			<af:selector name="sel_init" multiple="false" init="2">
				<af:list-ref>ShopCart</af:list-ref>
			</af:selector>
			<af:selector name="sel_inits" multiple="true" init="3">
				<af:init>1</af:init>
				<af:init>4</af:init>
				<af:list-ref>ShopCart</af:list-ref>
			</af:selector>
			<af:selector name="sel_hidden">
				<af:list-ref>HiddenPeople</af:list-ref>
			</af:selector>
			<af:method name="ActionA"/>
			<af:method name="ActionB"/>
		</af:form>
	</af:section>
	<af:section name="Second">
		<af:map name="BigApple">
			<af:entry key="color">red</af:entry>
			<af:entry key="size">big</af:entry>
			<af:entry key="weight">12kg</af:entry>
			<af:entry key="length">22cm</af:entry>
		</af:map>
		<af:table name="table1">
			<af:method name="Cat"/>
			<af:method name="Dog"/>
			<af:column name="Name" primary-key="true"/>
			<af:column name="Age" sort-priority="1"/>
			<af:row>
				<Name>Lenik</Name>
				<Age>24</Age>
			</af:row>
			<af:row>
				<Name>Lewei</Name>
				<Age>26</Age>
			</af:row>
			<af:row>
				<Name>Christmas</Name>
				<Age>12</Age>
			</af:row>
		</af:table>
		<af:user name="Test">
			<af:method name="Insert"/>
			<af:method name="Delete"/>
			<af:method name="Modify"/>
			<Person name="123" age="456">
				<Home>
					<Country>China</Country>
					<Address>1224</Address>
					<Post Major="123" Minor="456"/>
				</Home>
				<Son>fjsklj</Son>
				<Daughter>jfkljv</Daughter>
			</Person>
		</af:user>
		<af:form>
			<af:selector name="WhyYouLikeThisApple" multiple="true">
				<af:map-ref>BigApple</af:map-ref>
			</af:selector>
			<af:method name="Submit"/>
			<af:method name="Google" hint="http://www.google.com"/>
		</af:form>
	</af:section>
	<af:section name="The-Hidden" hidden="true">
		<af:scalar name="HiddenScalar">The Hidden Scalar. </af:scalar>
	</af:section>
</af:abstract-form>
